TN:
SF:C:\Users\Snahashis\Documents\GitHub\test\Gold\ClientApp\src\polyfills.ts
FNF:0
FNH:0
LF:0
LH:0
BRF:0
BRH:0
end_of_record
TN:
SF:C:\Users\Snahashis\Documents\GitHub\test\Gold\ClientApp\src\test.ts
FNF:0
FNH:0
DA:13,1
DA:18,1
DA:20,1
LF:3
LH:3
BRF:0
BRH:0
end_of_record
TN:
SF:C:\Users\Snahashis\Documents\GitHub\test\Gold\ClientApp\src\app\auth.guard.ts
FN:15,(anonymous_3)
FN:16,(anonymous_4)
FNF:2
FNH:1
FNDA:1,(anonymous_3)
FNDA:0,(anonymous_4)
DA:14,1
DA:15,1
DA:17,0
DA:18,0
DA:20,0
DA:21,0
LF:6
LH:2
BRDA:17,0,0,0
BRDA:17,0,1,0
BRF:2
BRH:0
end_of_record
TN:
SF:C:\Users\Snahashis\Documents\GitHub\test\Gold\ClientApp\src\app\json.service.ts
FN:10,(anonymous_3)
FN:13,(anonymous_4)
FN:16,(anonymous_5)
FN:19,(anonymous_6)
FNF:4
FNH:1
FNDA:2,(anonymous_3)
FNDA:0,(anonymous_4)
FNDA:0,(anonymous_5)
FNDA:0,(anonymous_6)
DA:9,1
DA:10,2
DA:11,2
DA:14,0
DA:17,0
DA:20,0
LF:6
LH:3
BRF:0
BRH:0
end_of_record
TN:
SF:C:\Users\Snahashis\Documents\GitHub\test\Gold\ClientApp\src\app\details\details.component.ts
FN:27,(anonymous_3)
FN:33,(anonymous_4)
FN:39,(anonymous_5)
FN:42,(anonymous_6)
FN:47,(anonymous_7)
FN:56,(anonymous_8)
FN:59,(anonymous_9)
FN:63,(anonymous_10)
FNF:8
FNH:7
FNDA:6,(anonymous_3)
FNDA:8,(anonymous_4)
FNDA:7,(anonymous_5)
FNDA:1,(anonymous_6)
FNDA:1,(anonymous_7)
FNDA:0,(anonymous_8)
FNDA:1,(anonymous_9)
FNDA:1,(anonymous_10)
DA:15,1
DA:19,6
DA:22,6
DA:24,6
DA:25,6
DA:28,6
DA:29,6
DA:30,6
DA:35,8
DA:36,0
DA:38,8
DA:40,7
DA:43,1
DA:48,1
DA:50,1
DA:51,1
DA:52,1
DA:53,1
DA:57,0
DA:60,1
DA:61,1
DA:64,1
DA:66,1
DA:67,1
DA:68,1
LF:25
LH:23
BRDA:35,0,0,0
BRDA:35,1,0,8
BRDA:35,1,1,0
BRDA:50,2,0,1
BRF:4
BRH:2
end_of_record
TN:
SF:C:\Users\Snahashis\Documents\GitHub\test\Gold\ClientApp\src\app\login\login.component.ts
FN:24,(anonymous_3)
FN:30,(anonymous_4)
FN:33,(anonymous_5)
FN:39,(anonymous_6)
FN:54,(anonymous_7)
FNF:5
FNH:5
FNDA:3,(anonymous_3)
FNDA:3,(anonymous_4)
FNDA:2,(anonymous_5)
FNDA:1,(anonymous_6)
FNDA:1,(anonymous_7)
DA:17,1
DA:21,3
DA:22,3
DA:23,3
DA:25,3
DA:26,3
DA:27,3
DA:31,3
DA:34,2
DA:38,2
DA:40,1
DA:41,1
DA:42,1
DA:43,1
DA:44,0
DA:46,1
DA:51,1
DA:55,1
DA:56,1
DA:61,1
LF:20
LH:19
BRDA:43,0,0,0
BRDA:43,0,1,1
BRF:2
BRH:1
end_of_record
TN:
SF:C:\Users\Snahashis\Documents\GitHub\test\Gold\ClientApp\src\app\owner\owner.component.ts
FN:19,(anonymous_3)
FN:25,(anonymous_4)
FN:26,(anonymous_5)
FN:29,(anonymous_6)
FN:34,(anonymous_7)
FN:45,(anonymous_8)
FNF:6
FNH:5
FNDA:3,(anonymous_3)
FNDA:3,(anonymous_4)
FNDA:0,(anonymous_5)
FNDA:2,(anonymous_6)
FNDA:1,(anonymous_7)
FNDA:1,(anonymous_8)
DA:14,1
DA:16,3
DA:17,3
DA:20,3
DA:21,3
DA:22,3
DA:27,0
DA:30,2
DA:33,2
DA:35,1
DA:36,1
DA:46,1
DA:47,1
LF:13
LH:12
BRF:0
BRH:0
end_of_record
TN:
SF:C:\Users\Snahashis\Documents\GitHub\test\Gold\ClientApp\src\environments\environment.ts
FNF:0
FNH:0
DA:5,1
LF:1
LH:1
BRF:0
BRH:0
end_of_record
