TN:
SF:C:\Users\Snahashis\Desktop\New folder (3)\Gold\Gold\ClientApp\src\polyfills.ts
FNF:0
FNH:0
LF:0
LH:0
BRF:0
BRH:0
end_of_record
TN:
SF:C:\Users\Snahashis\Desktop\New folder (3)\Gold\Gold\ClientApp\src\test.ts
FNF:0
FNH:0
DA:13,1
DA:18,1
DA:20,1
LF:3
LH:3
BRF:0
BRH:0
end_of_record
TN:
SF:C:\Users\Snahashis\Desktop\New folder (3)\Gold\Gold\ClientApp\src\app\json.service.ts
FN:10,(anonymous_3)
FN:13,(anonymous_4)
FNF:2
FNH:1
FNDA:2,(anonymous_3)
FNDA:0,(anonymous_4)
DA:9,1
DA:10,2
DA:11,2
DA:14,0
LF:4
LH:3
BRF:0
BRH:0
end_of_record
TN:
SF:C:\Users\Snahashis\Desktop\New folder (3)\Gold\Gold\ClientApp\src\app\details\details.component.ts
FN:15,(anonymous_3)
FN:17,(anonymous_4)
FN:23,(anonymous_5)
FN:32,(anonymous_6)
FN:36,(anonymous_7)
FNF:5
FNH:5
FNDA:4,(anonymous_3)
FNDA:4,(anonymous_4)
FNDA:1,(anonymous_5)
FNDA:1,(anonymous_6)
FNDA:1,(anonymous_7)
DA:7,1
DA:11,4
DA:12,4
DA:14,4
DA:19,4
DA:20,0
DA:24,1
DA:26,1
DA:27,1
DA:28,1
DA:29,1
DA:33,1
DA:34,1
DA:37,1
DA:38,1
LF:15
LH:14
BRDA:19,0,0,0
BRDA:19,1,0,4
BRDA:19,1,1,0
BRDA:26,2,0,1
BRF:4
BRH:2
end_of_record
TN:
SF:C:\Users\Snahashis\Desktop\New folder (3)\Gold\Gold\ClientApp\src\app\login\login.component.ts
FN:23,(anonymous_3)
FN:29,(anonymous_4)
FN:30,(anonymous_5)
FN:36,(anonymous_6)
FN:46,(anonymous_7)
FNF:5
FNH:5
FNDA:3,(anonymous_3)
FNDA:3,(anonymous_4)
FNDA:2,(anonymous_5)
FNDA:1,(anonymous_6)
FNDA:1,(anonymous_7)
DA:17,1
DA:21,3
DA:22,3
DA:24,3
DA:25,3
DA:26,3
DA:31,2
DA:35,2
DA:37,1
DA:38,1
DA:39,1
DA:44,1
DA:47,1
DA:48,1
DA:53,1
LF:15
LH:15
BRF:0
BRH:0
end_of_record
TN:
SF:C:\Users\Snahashis\Desktop\New folder (3)\Gold\Gold\ClientApp\src\environments\environment.ts
FNF:0
FNH:0
DA:5,1
LF:1
LH:1
BRF:0
BRH:0
end_of_record
